
Showing logs for build [32mcb-kubecd-environment-pr-184-33-bcjz2-1[0m stage [32mfrom-build-pack[0m and container [32mstep-credential-initializer-ck9qs[0m
{"level":"warn","ts":1584521391.5055318,"logger":"fallback-logger","caller":"logging/config.go:69","msg":"Fetch GitHub commit ID from kodata failed: \"ref: refs/heads/0.8.0-**-support-backwards-incompats\" is not a valid GitHub commit ID"}
{"level":"info","ts":1584521391.5064657,"logger":"fallback-logger","caller":"creds-init/main.go:40","msg":"Credentials initialized."}

Showing logs for build [32mcb-kubecd-environment-pr-184-33-bcjz2-1[0m stage [32mfrom-build-pack[0m and container [32mstep-working-dir-initializer-5dp55[0m
{"level":"warn","ts":1584521392.492073,"logger":"fallback-logger","caller":"logging/config.go:69","msg":"Fetch GitHub commit ID from kodata failed: open /var/run/ko/HEAD: no such file or directory"}
{"level":"info","ts":1584521392.4934804,"logger":"fallback-logger","caller":"bash/main.go:64","msg":"Successfully executed command \"sh -c mkdir -p /workspace/source\"; output "}

Showing logs for build [32mcb-kubecd-environment-pr-184-33-bcjz2-1[0m stage [32mfrom-build-pack[0m and container [32mstep-place-tools[0m

Showing logs for build [32mcb-kubecd-environment-pr-184-33-bcjz2-1[0m stage [32mfrom-build-pack[0m and container [32mstep-git-source-cb-kubecd-environment-pr-184-33-bcjz2-xl279[0m
{"level":"warn","ts":1584521416.6989167,"logger":"fallback-logger","caller":"logging/config.go:69","msg":"Fetch GitHub commit ID from kodata failed: \"ref: refs/heads/0.8.0-**-support-backwards-incompats\" is not a valid GitHub commit ID"}
{"level":"info","ts":1584521417.746102,"logger":"fallback-logger","caller":"git/git.go:103","msg":"Successfully cloned https://github.com/cb-kubecd/environment-pr-184-33-gke-upgrade-staging.git @ master in path /workspace/source"}

Showing logs for build [32mcb-kubecd-environment-pr-184-33-bcjz2-1[0m stage [32mfrom-build-pack[0m and container [32mstep-git-merge[0m
Using SHAs from PULL_REFS=master:e3c1d5176d901da3ac02cded0a9b41f818f85999,1:aeffc181d419b788509af7bd36cc2a2da60881cd
DEBUG: LC_ALL=C JX_LOG_LEVEL=error git fetch origin --unshallow aeffc181d419b788509af7bd36cc2a2da60881cd: e3c1d5176d901da3ac02cded0a9b41f818f85999:
DEBUG: ran git fetch --unshallow origin aeffc181d419b788509af7bd36cc2a2da60881cd: e3c1d5176d901da3ac02cded0a9b41f818f85999: in 
DEBUG: LC_ALL=C JX_LOG_LEVEL=error git branch
DEBUG: LC_ALL=C JX_LOG_LEVEL=error git checkout master
DEBUG: ran git checkout master in 
DEBUG: LC_ALL=C JX_LOG_LEVEL=error git reset --hard e3c1d5176d901da3ac02cded0a9b41f818f85999
DEBUG: ran git reset --hard e3c1d5176d901da3ac02cded0a9b41f818f85999 in 
DEBUG: LC_ALL=C JX_LOG_LEVEL=error git clean -fd .
DEBUG: ran clean --force -d . in 
DEBUG: JX_LOG_LEVEL=error LC_ALL=C git merge aeffc181d419b788509af7bd36cc2a2da60881cd
DEBUG: ran git merge aeffc181d419b788509af7bd36cc2a2da60881cd in 
DEBUG: LC_ALL=C JX_LOG_LEVEL=error git log --format=%H%x1f%an%x1f%ae%x1f%cn%x1f%ce%x1f%s%n%b%x1e e3c1d5176d901da3ac02cded0a9b41f818f85999..HEAD
Merged SHA aeffc181d419b788509af7bd36cc2a2da60881cd with commit message 'chore: Promote bdd-spring-1584521088 to version 0.0.1' into base branch master

Showing logs for build [32mcb-kubecd-environment-pr-184-33-bcjz2-1[0m stage [32mfrom-build-pack[0m and container [32mstep-build-helm-build[0m
WARNING: No $CHART_REPOSITORY defined so using the default value of: http://jenkins-x-chartmuseum:8080
Adding missing Helm repo: storage.googleapis.com https://storage.googleapis.com/chartmuseum.jenkins-x.io
WARNING: No secrets found on "helm/repos" due: reading the secret "helm/repos" from vault: no secret "helm/repos" not found in vault
Read credentials for https://storage.googleapis.com/chartmuseum.jenkins-x.io from vault helm/repos
Successfully added Helm repository storage.googleapis.com.
Adding missing Helm repo: jenkins-x-chartmuseum http://jenkins-x-chartmuseum:8080
WARNING: No secrets found on "helm/repos" due: reading the secret "helm/repos" from vault: no secret "helm/repos" not found in vault
Read credentials for http://jenkins-x-chartmuseum:8080 from vault helm/repos
Successfully added Helm repository jenkins-x-chartmuseum.
WARNING: No $CHART_REPOSITORY defined so using the default value of: http://jenkins-x-chartmuseum:8080
Adding missing Helm repo: chartmuseum.jenkins-x.io http://chartmuseum.jenkins-x.io
WARNING: No secrets found on "helm/repos" due: reading the secret "helm/repos" from vault: no secret "helm/repos" not found in vault
Read credentials for http://chartmuseum.jenkins-x.io from vault helm/repos
Successfully added Helm repository chartmuseum.jenkins-x.io.
